<?xml version="1.0" encoding="UTF-8"?>
<coverage generated="1670710572292" clover="3.2.0">
  <project timestamp="1670710572293" name="All files">
    <metrics statements="85" coveredstatements="69" conditionals="52" coveredconditionals="20" methods="20" coveredmethods="12" elements="157" coveredelements="101" complexity="0" loc="85" ncloc="85" packages="4" files="9" classes="9"/>
    <package name="client.src.components">
      <metrics statements="14" coveredstatements="13" conditionals="2" coveredconditionals="2" methods="5" coveredmethods="3"/>
      <file name="Reviews.jsx" path="/Users/briankuzma/Desktop/HR/FEC/Atelier/client/src/components/Reviews.jsx">
        <metrics statements="14" coveredstatements="13" conditionals="2" coveredconditionals="2" methods="5" coveredmethods="3"/>
        <line num="7" count="1" type="stmt"/>
        <line num="10" count="10" type="stmt"/>
        <line num="11" count="10" type="stmt"/>
        <line num="12" count="10" type="stmt"/>
        <line num="13" count="10" type="stmt"/>
        <line num="15" count="10" type="stmt"/>
        <line num="17" count="10" type="stmt"/>
        <line num="18" count="5" type="stmt"/>
        <line num="26" count="0" type="stmt"/>
        <line num="30" count="10" type="stmt"/>
        <line num="31" count="5" type="cond" truecount="2" falsecount="0"/>
        <line num="32" count="5" type="stmt"/>
        <line num="33" count="5" type="stmt"/>
        <line num="36" count="10" type="stmt"/>
      </file>
    </package>
    <package name="client.src.components.Reviews">
      <metrics statements="56" coveredstatements="43" conditionals="46" coveredconditionals="17" methods="13" coveredmethods="7"/>
      <file name="BreakdownSlider.jsx" path="/Users/briankuzma/Desktop/HR/FEC/Atelier/client/src/components/Reviews/BreakdownSlider.jsx">
        <metrics statements="13" coveredstatements="12" conditionals="4" coveredconditionals="2" methods="2" coveredmethods="2"/>
        <line num="3" count="1" type="cond" truecount="1" falsecount="1"/>
        <line num="6" count="30" type="cond" truecount="1" falsecount="1"/>
        <line num="8" count="30" type="stmt"/>
        <line num="9" count="30" type="stmt"/>
        <line num="11" count="30" type="stmt"/>
        <line num="14" count="30" type="stmt"/>
        <line num="15" count="120" type="stmt"/>
        <line num="16" count="120" type="stmt"/>
        <line num="20" count="30" type="stmt"/>
        <line num="26" count="30" type="stmt"/>
        <line num="27" count="0" type="stmt"/>
        <line num="30" count="30" type="stmt"/>
        <line num="33" count="150" type="stmt"/>
      </file>
      <file name="ProductBreakdown.jsx" path="/Users/briankuzma/Desktop/HR/FEC/Atelier/client/src/components/Reviews/ProductBreakdown.jsx">
        <metrics statements="5" coveredstatements="4" conditionals="26" coveredconditionals="13" methods="1" coveredmethods="1"/>
        <line num="5" count="1" type="stmt"/>
        <line num="11" count="10" type="cond" truecount="1" falsecount="1"/>
        <line num="12" count="10" type="stmt"/>
        <line num="14" count="10" type="stmt"/>
        <line num="31" count="0" type="stmt"/>
      </file>
      <file name="RatingsBreakdown.jsx" path="/Users/briankuzma/Desktop/HR/FEC/Atelier/client/src/components/Reviews/RatingsBreakdown.jsx">
        <metrics statements="17" coveredstatements="13" conditionals="2" coveredconditionals="0" methods="3" coveredmethods="2"/>
        <line num="4" count="1" type="stmt"/>
        <line num="6" count="10" type="stmt"/>
        <line num="13" count="10" type="stmt"/>
        <line num="15" count="10" type="stmt"/>
        <line num="17" count="10" type="stmt"/>
        <line num="18" count="5" type="stmt"/>
        <line num="25" count="5" type="stmt"/>
        <line num="26" count="5" type="stmt"/>
        <line num="28" count="5" type="stmt"/>
        <line num="29" count="0" type="stmt"/>
        <line num="30" count="0" type="cond" truecount="0" falsecount="2"/>
        <line num="31" count="0" type="stmt"/>
        <line num="33" count="0" type="stmt"/>
        <line num="35" count="5" type="stmt"/>
        <line num="36" count="5" type="stmt"/>
        <line num="37" count="5" type="stmt"/>
        <line num="40" count="10" type="stmt"/>
      </file>
      <file name="RatingsColumn.jsx" path="/Users/briankuzma/Desktop/HR/FEC/Atelier/client/src/components/Reviews/RatingsColumn.jsx">
        <metrics statements="5" coveredstatements="5" conditionals="0" coveredconditionals="0" methods="1" coveredmethods="1"/>
        <line num="7" count="1" type="stmt"/>
        <line num="9" count="10" type="stmt"/>
        <line num="10" count="10" type="stmt"/>
        <line num="11" count="10" type="stmt"/>
        <line num="13" count="10" type="stmt"/>
      </file>
      <file name="ReviewTile.jsx" path="/Users/briankuzma/Desktop/HR/FEC/Atelier/client/src/components/Reviews/ReviewTile.jsx">
        <metrics statements="5" coveredstatements="1" conditionals="10" coveredconditionals="0" methods="2" coveredmethods="0"/>
        <line num="6" count="1" type="stmt"/>
        <line num="7" count="0" type="stmt"/>
        <line num="9" count="0" type="stmt"/>
        <line num="15" count="0" type="stmt"/>
        <line num="35" count="0" type="stmt"/>
      </file>
      <file name="ReviewsList.jsx" path="/Users/briankuzma/Desktop/HR/FEC/Atelier/client/src/components/Reviews/ReviewsList.jsx">
        <metrics statements="11" coveredstatements="8" conditionals="4" coveredconditionals="2" methods="4" coveredmethods="1"/>
        <line num="6" count="1" type="stmt"/>
        <line num="7" count="10" type="stmt"/>
        <line num="8" count="10" type="stmt"/>
        <line num="9" count="10" type="stmt"/>
        <line num="10" count="10" type="stmt"/>
        <line num="11" count="10" type="stmt"/>
        <line num="12" count="10" type="stmt"/>
        <line num="14" count="10" type="stmt"/>
        <line num="18" count="0" type="stmt"/>
        <line num="27" count="0" type="stmt"/>
        <line num="29" count="0" type="cond" truecount="2" falsecount="2"/>
      </file>
    </package>
    <package name="client.src.components.shared.StarRating">
      <metrics statements="13" coveredstatements="11" conditionals="4" coveredconditionals="1" methods="2" coveredmethods="2"/>
      <file name="StarRating.jsx" path="/Users/briankuzma/Desktop/HR/FEC/Atelier/client/src/components/shared/StarRating/StarRating.jsx">
        <metrics statements="13" coveredstatements="11" conditionals="4" coveredconditionals="1" methods="2" coveredmethods="2"/>
        <line num="3" count="1" type="cond" truecount="0" falsecount="2"/>
        <line num="6" count="10" type="cond" truecount="1" falsecount="1"/>
        <line num="8" count="10" type="stmt"/>
        <line num="9" count="10" type="stmt"/>
        <line num="11" count="10" type="stmt"/>
        <line num="14" count="10" type="stmt"/>
        <line num="15" count="0" type="stmt"/>
        <line num="16" count="0" type="stmt"/>
        <line num="20" count="10" type="stmt"/>
        <line num="26" count="10" type="stmt"/>
        <line num="27" count="40" type="stmt"/>
        <line num="30" count="10" type="stmt"/>
        <line num="33" count="50" type="stmt"/>
      </file>
    </package>
    <package name="dummyTestData">
      <metrics statements="2" coveredstatements="2" conditionals="0" coveredconditionals="0" methods="0" coveredmethods="0"/>
      <file name="reviewsDummy.js" path="/Users/briankuzma/Desktop/HR/FEC/Atelier/dummyTestData/reviewsDummy.js">
        <metrics statements="2" coveredstatements="2" conditionals="0" coveredconditionals="0" methods="0" coveredmethods="0"/>
        <line num="1" count="1" type="stmt"/>
        <line num="42" count="1" type="stmt"/>
      </file>
    </package>
  </project>
</coverage>
