{"/Users/krombopulusmichael/HR-RPP2207/FEC/Atelier/client/src/components/Related.jsx": {"path":"/Users/krombopulusmichael/HR-RPP2207/FEC/Atelier/client/src/components/Related.jsx","statementMap":{"0":{"start":{"line":6,"column":23},"end":{"line":15,"column":1}},"1":{"start":{"line":8,"column":2},"end":{"line":14,"column":4}},"2":{"start":{"line":11,"column":151},"end":{"line":11,"column":178}}},"fnMap":{"0":{"name":"(anonymous_0)","decl":{"start":{"line":6,"column":23},"end":{"line":6,"column":24}},"loc":{"start":{"line":6,"column":34},"end":{"line":15,"column":1}},"line":6},"1":{"name":"(anonymous_1)","decl":{"start":{"line":11,"column":138},"end":{"line":11,"column":139}},"loc":{"start":{"line":11,"column":150},"end":{"line":11,"column":179}},"line":11}},"branchMap":{},"s":{"0":1,"1":5,"2":0},"f":{"0":5,"1":0},"b":{},"_coverageSchema":"1a1c01bbd47fc00a2c39e90264f33305004495a9","hash":"ec238cbc51c0972338e311954c319c999dd07dec"}
,"/Users/krombopulusmichael/HR-RPP2207/FEC/Atelier/client/src/components/Related/ComparisonModal.jsx": {"path":"/Users/krombopulusmichael/HR-RPP2207/FEC/Atelier/client/src/components/Related/ComparisonModal.jsx","statementMap":{"0":{"start":{"line":4,"column":24},"end":{"line":46,"column":1}},"1":{"start":{"line":6,"column":49},"end":{"line":6,"column":61}},"2":{"start":{"line":7,"column":55},"end":{"line":7,"column":67}},"3":{"start":{"line":8,"column":55},"end":{"line":8,"column":67}},"4":{"start":{"line":9,"column":63},"end":{"line":9,"column":75}},"5":{"start":{"line":10,"column":63},"end":{"line":10,"column":75}},"6":{"start":{"line":13,"column":2},"end":{"line":28,"column":8}},"7":{"start":{"line":14,"column":4},"end":{"line":27,"column":6}},"8":{"start":{"line":21,"column":30},"end":{"line":21,"column":39}},"9":{"start":{"line":22,"column":28},"end":{"line":22,"column":59}},"10":{"start":{"line":23,"column":6},"end":{"line":23,"column":48}},"11":{"start":{"line":24,"column":6},"end":{"line":24,"column":48}},"12":{"start":{"line":25,"column":6},"end":{"line":25,"column":52}},"13":{"start":{"line":26,"column":6},"end":{"line":26,"column":52}},"14":{"start":{"line":31,"column":2},"end":{"line":45,"column":3}}},"fnMap":{"0":{"name":"(anonymous_0)","decl":{"start":{"line":4,"column":24},"end":{"line":4,"column":25}},"loc":{"start":{"line":4,"column":35},"end":{"line":46,"column":1}},"line":4},"1":{"name":"(anonymous_1)","decl":{"start":{"line":13,"column":12},"end":{"line":13,"column":13}},"loc":{"start":{"line":13,"column":18},"end":{"line":28,"column":3}},"line":13},"2":{"name":"(anonymous_2)","decl":{"start":{"line":20,"column":10},"end":{"line":20,"column":11}},"loc":{"start":{"line":20,"column":20},"end":{"line":27,"column":5}},"line":20}},"branchMap":{},"s":{"0":1,"1":0,"2":0,"3":0,"4":0,"5":0,"6":0,"7":0,"8":0,"9":0,"10":0,"11":0,"12":0,"13":0,"14":0},"f":{"0":0,"1":0,"2":0},"b":{},"_coverageSchema":"1a1c01bbd47fc00a2c39e90264f33305004495a9","hash":"eba4c631f3308964988f9f1872976bf144e066d8"}
,"/Users/krombopulusmichael/HR-RPP2207/FEC/Atelier/client/src/components/Related/OutfitCarousel.jsx": {"path":"/Users/krombopulusmichael/HR-RPP2207/FEC/Atelier/client/src/components/Related/OutfitCarousel.jsx","statementMap":{"0":{"start":{"line":5,"column":23},"end":{"line":31,"column":1}},"1":{"start":{"line":8,"column":38},"end":{"line":8,"column":49}},"2":{"start":{"line":11,"column":2},"end":{"line":30,"column":3}},"3":{"start":{"line":14,"column":33},"end":{"line":14,"column":64}},"4":{"start":{"line":18,"column":37},"end":{"line":18,"column":65}},"5":{"start":{"line":20,"column":12},"end":{"line":22,"column":15}},"6":{"start":{"line":27,"column":33},"end":{"line":27,"column":64}}},"fnMap":{"0":{"name":"(anonymous_0)","decl":{"start":{"line":5,"column":23},"end":{"line":5,"column":24}},"loc":{"start":{"line":5,"column":34},"end":{"line":31,"column":1}},"line":5},"1":{"name":"(anonymous_1)","decl":{"start":{"line":14,"column":25},"end":{"line":14,"column":26}},"loc":{"start":{"line":14,"column":31},"end":{"line":14,"column":66}},"line":14},"2":{"name":"(anonymous_2)","decl":{"start":{"line":18,"column":27},"end":{"line":18,"column":28}},"loc":{"start":{"line":18,"column":36},"end":{"line":18,"column":66}},"line":18},"3":{"name":"(anonymous_3)","decl":{"start":{"line":19,"column":31},"end":{"line":19,"column":32}},"loc":{"start":{"line":19,"column":48},"end":{"line":23,"column":13}},"line":19},"4":{"name":"(anonymous_4)","decl":{"start":{"line":27,"column":25},"end":{"line":27,"column":26}},"loc":{"start":{"line":27,"column":31},"end":{"line":27,"column":66}},"line":27}},"branchMap":{},"s":{"0":1,"1":6,"2":6,"3":0,"4":0,"5":6,"6":0},"f":{"0":6,"1":0,"2":0,"3":6,"4":0},"b":{},"_coverageSchema":"1a1c01bbd47fc00a2c39e90264f33305004495a9","hash":"2f27467e5497f19aa94057f4abdb489ca58637bd"}
,"/Users/krombopulusmichael/HR-RPP2207/FEC/Atelier/client/src/components/Related/RelatedCarousel.jsx": {"path":"/Users/krombopulusmichael/HR-RPP2207/FEC/Atelier/client/src/components/Related/RelatedCarousel.jsx","statementMap":{"0":{"start":{"line":6,"column":24},"end":{"line":32,"column":1}},"1":{"start":{"line":8,"column":38},"end":{"line":8,"column":49}},"2":{"start":{"line":12,"column":2},"end":{"line":31,"column":3}},"3":{"start":{"line":15,"column":32},"end":{"line":15,"column":63}},"4":{"start":{"line":20,"column":12},"end":{"line":22,"column":13}},"5":{"start":{"line":21,"column":120},"end":{"line":21,"column":147}},"6":{"start":{"line":27,"column":32},"end":{"line":27,"column":63}}},"fnMap":{"0":{"name":"(anonymous_0)","decl":{"start":{"line":6,"column":24},"end":{"line":6,"column":25}},"loc":{"start":{"line":6,"column":35},"end":{"line":32,"column":1}},"line":6},"1":{"name":"(anonymous_1)","decl":{"start":{"line":15,"column":25},"end":{"line":15,"column":26}},"loc":{"start":{"line":15,"column":31},"end":{"line":15,"column":64}},"line":15},"2":{"name":"(anonymous_2)","decl":{"start":{"line":19,"column":29},"end":{"line":19,"column":30}},"loc":{"start":{"line":19,"column":46},"end":{"line":23,"column":11}},"line":19},"3":{"name":"(anonymous_3)","decl":{"start":{"line":21,"column":107},"end":{"line":21,"column":108}},"loc":{"start":{"line":21,"column":119},"end":{"line":21,"column":148}},"line":21},"4":{"name":"(anonymous_4)","decl":{"start":{"line":27,"column":25},"end":{"line":27,"column":26}},"loc":{"start":{"line":27,"column":31},"end":{"line":27,"column":64}},"line":27}},"branchMap":{},"s":{"0":1,"1":5,"2":5,"3":0,"4":1,"5":0,"6":0},"f":{"0":5,"1":0,"2":1,"3":0,"4":0},"b":{},"_coverageSchema":"1a1c01bbd47fc00a2c39e90264f33305004495a9","hash":"7e4728e79e6bfddc2648f626e3733e2fd407d548"}
,"/Users/krombopulusmichael/HR-RPP2207/FEC/Atelier/client/src/components/Related/RelatedProductCard.jsx": {"path":"/Users/krombopulusmichael/HR-RPP2207/FEC/Atelier/client/src/components/Related/RelatedProductCard.jsx","statementMap":{"0":{"start":{"line":6,"column":27},"end":{"line":40,"column":1}},"1":{"start":{"line":7,"column":13},"end":{"line":7,"column":27}},"2":{"start":{"line":9,"column":35},"end":{"line":9,"column":47}},"3":{"start":{"line":10,"column":32},"end":{"line":10,"column":47}},"4":{"start":{"line":12,"column":2},"end":{"line":17,"column":9}},"5":{"start":{"line":13,"column":4},"end":{"line":16,"column":47}},"6":{"start":{"line":16,"column":23},"end":{"line":16,"column":45}},"7":{"start":{"line":19,"column":21},"end":{"line":21,"column":3}},"8":{"start":{"line":20,"column":4},"end":{"line":20,"column":18}},"9":{"start":{"line":24,"column":2},"end":{"line":39,"column":3}},"10":{"start":{"line":26,"column":19},"end":{"line":26,"column":42}},"11":{"start":{"line":27,"column":5},"end":{"line":27,"column":36}}},"fnMap":{"0":{"name":"(anonymous_0)","decl":{"start":{"line":6,"column":27},"end":{"line":6,"column":28}},"loc":{"start":{"line":6,"column":38},"end":{"line":40,"column":1}},"line":6},"1":{"name":"(anonymous_1)","decl":{"start":{"line":12,"column":12},"end":{"line":12,"column":13}},"loc":{"start":{"line":12,"column":18},"end":{"line":17,"column":3}},"line":12},"2":{"name":"(anonymous_2)","decl":{"start":{"line":16,"column":12},"end":{"line":16,"column":13}},"loc":{"start":{"line":16,"column":22},"end":{"line":16,"column":46}},"line":16},"3":{"name":"(anonymous_3)","decl":{"start":{"line":19,"column":21},"end":{"line":19,"column":22}},"loc":{"start":{"line":19,"column":27},"end":{"line":21,"column":3}},"line":19},"4":{"name":"(anonymous_4)","decl":{"start":{"line":26,"column":6},"end":{"line":26,"column":7}},"loc":{"start":{"line":26,"column":18},"end":{"line":27,"column":37}},"line":26}},"branchMap":{"0":{"loc":{"start":{"line":37,"column":7},"end":{"line":37,"column":99}},"type":"binary-expr","locations":[{"start":{"line":37,"column":7},"end":{"line":37,"column":16}},{"start":{"line":37,"column":20},"end":{"line":37,"column":99}}],"line":37}},"s":{"0":1,"1":1,"2":1,"3":1,"4":1,"5":1,"6":0,"7":1,"8":0,"9":1,"10":0,"11":0},"f":{"0":1,"1":1,"2":0,"3":0,"4":0},"b":{"0":[1,0]},"_coverageSchema":"1a1c01bbd47fc00a2c39e90264f33305004495a9","hash":"e5f272f4dd730b0849cb1a6c4a6950287f9cbb43"}
,"/Users/krombopulusmichael/HR-RPP2207/FEC/Atelier/client/src/components/Related/YourOutfit.jsx": {"path":"/Users/krombopulusmichael/HR-RPP2207/FEC/Atelier/client/src/components/Related/YourOutfit.jsx","statementMap":{"0":{"start":{"line":4,"column":19},"end":{"line":22,"column":1}},"1":{"start":{"line":6,"column":39},"end":{"line":6,"column":56}},"2":{"start":{"line":8,"column":15},"end":{"line":12,"column":3}},"3":{"start":{"line":9,"column":15},"end":{"line":9,"column":24}},"4":{"start":{"line":10,"column":16},"end":{"line":10,"column":35}},"5":{"start":{"line":11,"column":4},"end":{"line":11,"column":25}},"6":{"start":{"line":14,"column":2},"end":{"line":21,"column":3}}},"fnMap":{"0":{"name":"(anonymous_0)","decl":{"start":{"line":4,"column":19},"end":{"line":4,"column":20}},"loc":{"start":{"line":4,"column":30},"end":{"line":22,"column":1}},"line":4},"1":{"name":"(anonymous_1)","decl":{"start":{"line":8,"column":15},"end":{"line":8,"column":16}},"loc":{"start":{"line":8,"column":24},"end":{"line":12,"column":3}},"line":8}},"branchMap":{},"s":{"0":1,"1":5,"2":5,"3":0,"4":0,"5":0,"6":5},"f":{"0":5,"1":0},"b":{},"_coverageSchema":"1a1c01bbd47fc00a2c39e90264f33305004495a9","hash":"eaa9a963bd2e7be8985569b8dfc210a8da3acc25"}
,"/Users/krombopulusmichael/HR-RPP2207/FEC/Atelier/client/src/components/Related/YourOutfitCard.jsx": {"path":"/Users/krombopulusmichael/HR-RPP2207/FEC/Atelier/client/src/components/Related/YourOutfitCard.jsx","statementMap":{"0":{"start":{"line":6,"column":23},"end":{"line":41,"column":1}},"1":{"start":{"line":7,"column":13},"end":{"line":7,"column":27}},"2":{"start":{"line":9,"column":35},"end":{"line":9,"column":47}},"3":{"start":{"line":10,"column":32},"end":{"line":10,"column":47}},"4":{"start":{"line":12,"column":2},"end":{"line":17,"column":9}},"5":{"start":{"line":13,"column":4},"end":{"line":16,"column":47}},"6":{"start":{"line":16,"column":23},"end":{"line":16,"column":45}},"7":{"start":{"line":19,"column":21},"end":{"line":21,"column":3}},"8":{"start":{"line":20,"column":4},"end":{"line":20,"column":18}},"9":{"start":{"line":26,"column":2},"end":{"line":40,"column":3}},"10":{"start":{"line":27,"column":25},"end":{"line":27,"column":56}},"11":{"start":{"line":28,"column":4},"end":{"line":28,"column":27}}},"fnMap":{"0":{"name":"(anonymous_0)","decl":{"start":{"line":6,"column":23},"end":{"line":6,"column":24}},"loc":{"start":{"line":6,"column":34},"end":{"line":41,"column":1}},"line":6},"1":{"name":"(anonymous_1)","decl":{"start":{"line":12,"column":12},"end":{"line":12,"column":13}},"loc":{"start":{"line":12,"column":18},"end":{"line":17,"column":3}},"line":12},"2":{"name":"(anonymous_2)","decl":{"start":{"line":16,"column":12},"end":{"line":16,"column":13}},"loc":{"start":{"line":16,"column":22},"end":{"line":16,"column":46}},"line":16},"3":{"name":"(anonymous_3)","decl":{"start":{"line":19,"column":21},"end":{"line":19,"column":22}},"loc":{"start":{"line":19,"column":27},"end":{"line":21,"column":3}},"line":19},"4":{"name":"(anonymous_4)","decl":{"start":{"line":27,"column":18},"end":{"line":27,"column":19}},"loc":{"start":{"line":27,"column":24},"end":{"line":28,"column":28}},"line":27}},"branchMap":{},"s":{"0":1,"1":6,"2":6,"3":6,"4":6,"5":6,"6":0,"7":6,"8":0,"9":6,"10":0,"11":0},"f":{"0":6,"1":6,"2":0,"3":0,"4":0},"b":{},"_coverageSchema":"1a1c01bbd47fc00a2c39e90264f33305004495a9","hash":"63b08453d06a29935a6845239cc901414cfa7670"}
,"/Users/krombopulusmichael/HR-RPP2207/FEC/Atelier/client/src/components/shared/StarRating/StarRating.jsx": {"path":"/Users/krombopulusmichael/HR-RPP2207/FEC/Atelier/client/src/components/shared/StarRating/StarRating.jsx","statementMap":{"0":{"start":{"line":3,"column":26},"end":{"line":55,"column":1}},"1":{"start":{"line":6,"column":2},"end":{"line":6,"column":31}},"2":{"start":{"line":6,"column":20},"end":{"line":6,"column":30}},"3":{"start":{"line":8,"column":15},"end":{"line":8,"column":33}},"4":{"start":{"line":9,"column":17},"end":{"line":9,"column":32}},"5":{"start":{"line":11,"column":16},"end":{"line":11,"column":18}},"6":{"start":{"line":14,"column":2},"end":{"line":17,"column":3}},"7":{"start":{"line":15,"column":4},"end":{"line":15,"column":20}},"8":{"start":{"line":16,"column":4},"end":{"line":16,"column":16}},"9":{"start":{"line":20,"column":2},"end":{"line":20,"column":67}},"10":{"start":{"line":26,"column":2},"end":{"line":28,"column":3}},"11":{"start":{"line":27,"column":4},"end":{"line":27,"column":17}},"12":{"start":{"line":30,"column":2},"end":{"line":54,"column":3}},"13":{"start":{"line":33,"column":8},"end":{"line":51,"column":14}}},"fnMap":{"0":{"name":"(anonymous_0)","decl":{"start":{"line":3,"column":26},"end":{"line":3,"column":27}},"loc":{"start":{"line":3,"column":56},"end":{"line":55,"column":1}},"line":3},"1":{"name":"(anonymous_1)","decl":{"start":{"line":32,"column":17},"end":{"line":32,"column":18}},"loc":{"start":{"line":33,"column":8},"end":{"line":51,"column":14}},"line":33}},"branchMap":{"0":{"loc":{"start":{"line":3,"column":28},"end":{"line":3,"column":38}},"type":"default-arg","locations":[{"start":{"line":3,"column":37},"end":{"line":3,"column":38}}],"line":3},"1":{"loc":{"start":{"line":3,"column":40},"end":{"line":3,"column":50}},"type":"default-arg","locations":[{"start":{"line":3,"column":48},"end":{"line":3,"column":50}}],"line":3},"2":{"loc":{"start":{"line":6,"column":2},"end":{"line":6,"column":31}},"type":"if","locations":[{"start":{"line":6,"column":2},"end":{"line":6,"column":31}},{"start":{},"end":{}}],"line":6}},"s":{"0":1,"1":7,"2":0,"3":7,"4":7,"5":7,"6":7,"7":0,"8":0,"9":7,"10":7,"11":28,"12":7,"13":35},"f":{"0":7,"1":35},"b":{"0":[7],"1":[7],"2":[0,7]},"_coverageSchema":"1a1c01bbd47fc00a2c39e90264f33305004495a9","hash":"bc710c4667e9cbc0035469e5c86a3ad5580a1c7c"}
,"/Users/krombopulusmichael/HR-RPP2207/FEC/Atelier/dummyTestData/productDummy.js": {"path":"/Users/krombopulusmichael/HR-RPP2207/FEC/Atelier/dummyTestData/productDummy.js","statementMap":{"0":{"start":{"line":1,"column":0},"end":{"line":18,"column":1}},"1":{"start":{"line":22,"column":0},"end":{"line":47,"column":1}},"2":{"start":{"line":50,"column":0},"end":{"line":67,"column":1}},"3":{"start":{"line":69,"column":0},"end":{"line":131,"column":1}},"4":{"start":{"line":133,"column":0},"end":{"line":138,"column":1}}},"fnMap":{},"branchMap":{},"s":{"0":1,"1":1,"2":1,"3":1,"4":1},"f":{},"b":{},"_coverageSchema":"1a1c01bbd47fc00a2c39e90264f33305004495a9","hash":"d6e7dbc4c3aba87a83c207bdc99e5143d3f3cd81"}
}
