{"/Users/briankuzma/Desktop/HR/FEC/Atelier/client/src/components/Reviews.jsx": {"path":"/Users/briankuzma/Desktop/HR/FEC/Atelier/client/src/components/Reviews.jsx","statementMap":{"0":{"start":{"line":7,"column":23},"end":{"line":50,"column":1}},"1":{"start":{"line":10,"column":32},"end":{"line":10,"column":44}},"2":{"start":{"line":11,"column":46},"end":{"line":11,"column":57}},"3":{"start":{"line":12,"column":35},"end":{"line":12,"column":55}},"4":{"start":{"line":13,"column":44},"end":{"line":13,"column":55}},"5":{"start":{"line":15,"column":17},"end":{"line":15,"column":31}},"6":{"start":{"line":17,"column":2},"end":{"line":28,"column":21}},"7":{"start":{"line":18,"column":4},"end":{"line":27,"column":9}},"8":{"start":{"line":26,"column":8},"end":{"line":26,"column":41}},"9":{"start":{"line":30,"column":2},"end":{"line":34,"column":15}},"10":{"start":{"line":31,"column":24},"end":{"line":31,"column":43}},"11":{"start":{"line":32,"column":18},"end":{"line":32,"column":132}},"12":{"start":{"line":32,"column":66},"end":{"line":32,"column":100}},"13":{"start":{"line":33,"column":4},"end":{"line":33,"column":30}},"14":{"start":{"line":36,"column":2},"end":{"line":49,"column":3}}},"fnMap":{"0":{"name":"(anonymous_0)","decl":{"start":{"line":7,"column":23},"end":{"line":7,"column":24}},"loc":{"start":{"line":7,"column":34},"end":{"line":50,"column":1}},"line":7},"1":{"name":"(anonymous_1)","decl":{"start":{"line":17,"column":12},"end":{"line":17,"column":13}},"loc":{"start":{"line":17,"column":18},"end":{"line":28,"column":3}},"line":17},"2":{"name":"(anonymous_2)","decl":{"start":{"line":25,"column":12},"end":{"line":25,"column":13}},"loc":{"start":{"line":25,"column":25},"end":{"line":27,"column":7}},"line":25},"3":{"name":"(anonymous_3)","decl":{"start":{"line":30,"column":12},"end":{"line":30,"column":13}},"loc":{"start":{"line":30,"column":18},"end":{"line":34,"column":3}},"line":30},"4":{"name":"(anonymous_4)","decl":{"start":{"line":32,"column":34},"end":{"line":32,"column":35}},"loc":{"start":{"line":32,"column":66},"end":{"line":32,"column":100}},"line":32}},"branchMap":{"0":{"loc":{"start":{"line":31,"column":24},"end":{"line":31,"column":43}},"type":"binary-expr","locations":[{"start":{"line":31,"column":24},"end":{"line":31,"column":38}},{"start":{"line":31,"column":42},"end":{"line":31,"column":43}}],"line":31}},"s":{"0":1,"1":10,"2":10,"3":10,"4":10,"5":10,"6":10,"7":5,"8":0,"9":10,"10":5,"11":5,"12":0,"13":5,"14":10},"f":{"0":10,"1":5,"2":0,"3":5,"4":0},"b":{"0":[5,5]},"_coverageSchema":"1a1c01bbd47fc00a2c39e90264f33305004495a9","hash":"49044a02efd0a768c68f558217b01b389b1d7f86"}
,"/Users/briankuzma/Desktop/HR/FEC/Atelier/client/src/components/Reviews/BreakdownSlider.jsx": {"path":"/Users/briankuzma/Desktop/HR/FEC/Atelier/client/src/components/Reviews/BreakdownSlider.jsx","statementMap":{"0":{"start":{"line":3,"column":31},"end":{"line":52,"column":1}},"1":{"start":{"line":6,"column":2},"end":{"line":6,"column":31}},"2":{"start":{"line":6,"column":20},"end":{"line":6,"column":30}},"3":{"start":{"line":8,"column":15},"end":{"line":8,"column":33}},"4":{"start":{"line":9,"column":17},"end":{"line":9,"column":32}},"5":{"start":{"line":11,"column":16},"end":{"line":11,"column":18}},"6":{"start":{"line":14,"column":2},"end":{"line":17,"column":3}},"7":{"start":{"line":15,"column":4},"end":{"line":15,"column":20}},"8":{"start":{"line":16,"column":4},"end":{"line":16,"column":16}},"9":{"start":{"line":20,"column":2},"end":{"line":20,"column":67}},"10":{"start":{"line":26,"column":2},"end":{"line":28,"column":3}},"11":{"start":{"line":27,"column":4},"end":{"line":27,"column":17}},"12":{"start":{"line":30,"column":2},"end":{"line":51,"column":3}},"13":{"start":{"line":33,"column":8},"end":{"line":48,"column":14}}},"fnMap":{"0":{"name":"(anonymous_0)","decl":{"start":{"line":3,"column":31},"end":{"line":3,"column":32}},"loc":{"start":{"line":3,"column":61},"end":{"line":52,"column":1}},"line":3},"1":{"name":"(anonymous_1)","decl":{"start":{"line":32,"column":17},"end":{"line":32,"column":18}},"loc":{"start":{"line":33,"column":8},"end":{"line":48,"column":14}},"line":33}},"branchMap":{"0":{"loc":{"start":{"line":3,"column":33},"end":{"line":3,"column":43}},"type":"default-arg","locations":[{"start":{"line":3,"column":42},"end":{"line":3,"column":43}}],"line":3},"1":{"loc":{"start":{"line":3,"column":45},"end":{"line":3,"column":55}},"type":"default-arg","locations":[{"start":{"line":3,"column":53},"end":{"line":3,"column":55}}],"line":3},"2":{"loc":{"start":{"line":6,"column":2},"end":{"line":6,"column":31}},"type":"if","locations":[{"start":{"line":6,"column":2},"end":{"line":6,"column":31}},{"start":{},"end":{}}],"line":6}},"s":{"0":1,"1":30,"2":0,"3":30,"4":30,"5":30,"6":30,"7":120,"8":120,"9":30,"10":30,"11":0,"12":30,"13":150},"f":{"0":30,"1":150},"b":{"0":[0],"1":[30],"2":[0,30]},"_coverageSchema":"1a1c01bbd47fc00a2c39e90264f33305004495a9","hash":"d94632f0569f776d1e36648b0924db4819c869f5"}
,"/Users/briankuzma/Desktop/HR/FEC/Atelier/client/src/components/Reviews/ProductBreakdown.jsx": {"path":"/Users/briankuzma/Desktop/HR/FEC/Atelier/client/src/components/Reviews/ProductBreakdown.jsx","statementMap":{"0":{"start":{"line":5,"column":32},"end":{"line":38,"column":1}},"1":{"start":{"line":11,"column":2},"end":{"line":36,"column":3}},"2":{"start":{"line":12,"column":24},"end":{"line":12,"column":54}},"3":{"start":{"line":14,"column":4},"end":{"line":29,"column":5}},"4":{"start":{"line":31,"column":4},"end":{"line":35,"column":5}}},"fnMap":{"0":{"name":"(anonymous_0)","decl":{"start":{"line":5,"column":32},"end":{"line":5,"column":33}},"loc":{"start":{"line":5,"column":43},"end":{"line":38,"column":1}},"line":5}},"branchMap":{"0":{"loc":{"start":{"line":11,"column":2},"end":{"line":36,"column":3}},"type":"if","locations":[{"start":{"line":11,"column":2},"end":{"line":36,"column":3}},{"start":{"line":30,"column":9},"end":{"line":36,"column":3}}],"line":11},"1":{"loc":{"start":{"line":16,"column":9},"end":{"line":16,"column":55}},"type":"cond-expr","locations":[{"start":{"line":16,"column":32},"end":{"line":16,"column":48}},{"start":{"line":16,"column":51},"end":{"line":16,"column":55}}],"line":16},"2":{"loc":{"start":{"line":17,"column":9},"end":{"line":17,"column":94}},"type":"cond-expr","locations":[{"start":{"line":17,"column":32},"end":{"line":17,"column":87}},{"start":{"line":17,"column":90},"end":{"line":17,"column":94}}],"line":17},"3":{"loc":{"start":{"line":18,"column":9},"end":{"line":18,"column":57}},"type":"cond-expr","locations":[{"start":{"line":18,"column":33},"end":{"line":18,"column":50}},{"start":{"line":18,"column":53},"end":{"line":18,"column":57}}],"line":18},"4":{"loc":{"start":{"line":19,"column":9},"end":{"line":19,"column":95}},"type":"cond-expr","locations":[{"start":{"line":19,"column":33},"end":{"line":19,"column":88}},{"start":{"line":19,"column":91},"end":{"line":19,"column":95}}],"line":19},"5":{"loc":{"start":{"line":20,"column":9},"end":{"line":20,"column":61}},"type":"cond-expr","locations":[{"start":{"line":20,"column":35},"end":{"line":20,"column":54}},{"start":{"line":20,"column":57},"end":{"line":20,"column":61}}],"line":20},"6":{"loc":{"start":{"line":21,"column":9},"end":{"line":21,"column":100}},"type":"cond-expr","locations":[{"start":{"line":21,"column":35},"end":{"line":21,"column":93}},{"start":{"line":21,"column":96},"end":{"line":21,"column":100}}],"line":21},"7":{"loc":{"start":{"line":22,"column":9},"end":{"line":22,"column":61}},"type":"cond-expr","locations":[{"start":{"line":22,"column":35},"end":{"line":22,"column":54}},{"start":{"line":22,"column":57},"end":{"line":22,"column":61}}],"line":22},"8":{"loc":{"start":{"line":23,"column":9},"end":{"line":23,"column":100}},"type":"cond-expr","locations":[{"start":{"line":23,"column":35},"end":{"line":23,"column":93}},{"start":{"line":23,"column":96},"end":{"line":23,"column":100}}],"line":23},"9":{"loc":{"start":{"line":24,"column":9},"end":{"line":24,"column":59}},"type":"cond-expr","locations":[{"start":{"line":24,"column":34},"end":{"line":24,"column":52}},{"start":{"line":24,"column":55},"end":{"line":24,"column":59}}],"line":24},"10":{"loc":{"start":{"line":25,"column":9},"end":{"line":25,"column":98}},"type":"cond-expr","locations":[{"start":{"line":25,"column":34},"end":{"line":25,"column":91}},{"start":{"line":25,"column":94},"end":{"line":25,"column":98}}],"line":25},"11":{"loc":{"start":{"line":26,"column":9},"end":{"line":26,"column":53}},"type":"cond-expr","locations":[{"start":{"line":26,"column":31},"end":{"line":26,"column":46}},{"start":{"line":26,"column":49},"end":{"line":26,"column":53}}],"line":26},"12":{"loc":{"start":{"line":27,"column":9},"end":{"line":27,"column":91}},"type":"cond-expr","locations":[{"start":{"line":27,"column":31},"end":{"line":27,"column":85}},{"start":{"line":27,"column":87},"end":{"line":27,"column":91}}],"line":27}},"s":{"0":1,"1":10,"2":10,"3":10,"4":0},"f":{"0":10},"b":{"0":[10,0],"1":[10,0],"2":[10,0],"3":[10,0],"4":[10,0],"5":[10,0],"6":[10,0],"7":[0,10],"8":[0,10],"9":[0,10],"10":[0,10],"11":[0,10],"12":[0,10]},"_coverageSchema":"1a1c01bbd47fc00a2c39e90264f33305004495a9","hash":"1f8935fa2081ea7383d1a7d3a3e19c17c9757e41"}
,"/Users/briankuzma/Desktop/HR/FEC/Atelier/client/src/components/Reviews/RatingsBreakdown.jsx": {"path":"/Users/briankuzma/Desktop/HR/FEC/Atelier/client/src/components/Reviews/RatingsBreakdown.jsx","statementMap":{"0":{"start":{"line":4,"column":32},"end":{"line":65,"column":1}},"1":{"start":{"line":6,"column":38},"end":{"line":12,"column":4}},"2":{"start":{"line":13,"column":41},"end":{"line":13,"column":52}},"3":{"start":{"line":15,"column":46},"end":{"line":15,"column":57}},"4":{"start":{"line":17,"column":2},"end":{"line":38,"column":20}},"5":{"start":{"line":18,"column":18},"end":{"line":24,"column":5}},"6":{"start":{"line":25,"column":20},"end":{"line":25,"column":21}},"7":{"start":{"line":26,"column":25},"end":{"line":26,"column":26}},"8":{"start":{"line":28,"column":4},"end":{"line":34,"column":6}},"9":{"start":{"line":29,"column":6},"end":{"line":29,"column":31}},"10":{"start":{"line":30,"column":6},"end":{"line":32,"column":7}},"11":{"start":{"line":31,"column":8},"end":{"line":31,"column":20}},"12":{"start":{"line":33,"column":6},"end":{"line":33,"column":59}},"13":{"start":{"line":35,"column":4},"end":{"line":35,"column":24}},"14":{"start":{"line":36,"column":4},"end":{"line":36,"column":28}},"15":{"start":{"line":37,"column":4},"end":{"line":37,"column":38}},"16":{"start":{"line":40,"column":2},"end":{"line":64,"column":3}}},"fnMap":{"0":{"name":"(anonymous_0)","decl":{"start":{"line":4,"column":32},"end":{"line":4,"column":33}},"loc":{"start":{"line":4,"column":43},"end":{"line":65,"column":1}},"line":4},"1":{"name":"(anonymous_1)","decl":{"start":{"line":17,"column":12},"end":{"line":17,"column":13}},"loc":{"start":{"line":17,"column":18},"end":{"line":38,"column":3}},"line":17},"2":{"name":"(anonymous_2)","decl":{"start":{"line":28,"column":26},"end":{"line":28,"column":27}},"loc":{"start":{"line":28,"column":36},"end":{"line":34,"column":5}},"line":28}},"branchMap":{"0":{"loc":{"start":{"line":30,"column":6},"end":{"line":32,"column":7}},"type":"if","locations":[{"start":{"line":30,"column":6},"end":{"line":32,"column":7}},{"start":{},"end":{}}],"line":30}},"s":{"0":1,"1":10,"2":10,"3":10,"4":10,"5":5,"6":5,"7":5,"8":5,"9":0,"10":0,"11":0,"12":0,"13":5,"14":5,"15":5,"16":10},"f":{"0":10,"1":5,"2":0},"b":{"0":[0,0]},"_coverageSchema":"1a1c01bbd47fc00a2c39e90264f33305004495a9","hash":"ac9f4e316b11c742b69ef3a4dd933bd8c9446985"}
,"/Users/briankuzma/Desktop/HR/FEC/Atelier/client/src/components/Reviews/RatingsColumn.jsx": {"path":"/Users/briankuzma/Desktop/HR/FEC/Atelier/client/src/components/Reviews/RatingsColumn.jsx","statementMap":{"0":{"start":{"line":7,"column":29},"end":{"line":26,"column":1}},"1":{"start":{"line":9,"column":17},"end":{"line":9,"column":31}},"2":{"start":{"line":10,"column":22},"end":{"line":10,"column":41}},"3":{"start":{"line":11,"column":29},"end":{"line":11,"column":67}},"4":{"start":{"line":13,"column":2},"end":{"line":25,"column":3}}},"fnMap":{"0":{"name":"(anonymous_0)","decl":{"start":{"line":7,"column":29},"end":{"line":7,"column":30}},"loc":{"start":{"line":7,"column":40},"end":{"line":26,"column":1}},"line":7}},"branchMap":{},"s":{"0":1,"1":10,"2":10,"3":10,"4":10},"f":{"0":10},"b":{},"_coverageSchema":"1a1c01bbd47fc00a2c39e90264f33305004495a9","hash":"63451bfaa4d44b3ab565f75ee6097b4418e22373"}
,"/Users/briankuzma/Desktop/HR/FEC/Atelier/client/src/components/Reviews/ReviewTile.jsx": {"path":"/Users/briankuzma/Desktop/HR/FEC/Atelier/client/src/components/Reviews/ReviewTile.jsx","statementMap":{"0":{"start":{"line":6,"column":26},"end":{"line":42,"column":1}},"1":{"start":{"line":7,"column":21},"end":{"line":7,"column":26}},"2":{"start":{"line":9,"column":40},"end":{"line":9,"column":55}},"3":{"start":{"line":15,"column":2},"end":{"line":41,"column":3}},"4":{"start":{"line":35,"column":10},"end":{"line":35,"column":95}}},"fnMap":{"0":{"name":"(anonymous_0)","decl":{"start":{"line":6,"column":26},"end":{"line":6,"column":27}},"loc":{"start":{"line":6,"column":37},"end":{"line":42,"column":1}},"line":6},"1":{"name":"(anonymous_1)","decl":{"start":{"line":33,"column":53},"end":{"line":33,"column":54}},"loc":{"start":{"line":33,"column":70},"end":{"line":36,"column":9}},"line":33}},"branchMap":{"0":{"loc":{"start":{"line":29,"column":7},"end":{"line":29,"column":73}},"type":"cond-expr","locations":[{"start":{"line":29,"column":26},"end":{"line":29,"column":66}},{"start":{"line":29,"column":69},"end":{"line":29,"column":73}}],"line":29},"1":{"loc":{"start":{"line":30,"column":7},"end":{"line":30,"column":60}},"type":"cond-expr","locations":[{"start":{"line":30,"column":26},"end":{"line":30,"column":52}},{"start":{"line":30,"column":56},"end":{"line":30,"column":60}}],"line":30},"2":{"loc":{"start":{"line":31,"column":8},"end":{"line":31,"column":48}},"type":"cond-expr","locations":[{"start":{"line":31,"column":35},"end":{"line":31,"column":41}},{"start":{"line":31,"column":44},"end":{"line":31,"column":48}}],"line":31},"3":{"loc":{"start":{"line":32,"column":8},"end":{"line":32,"column":48}},"type":"cond-expr","locations":[{"start":{"line":32,"column":35},"end":{"line":32,"column":41}},{"start":{"line":32,"column":44},"end":{"line":32,"column":48}}],"line":32},"4":{"loc":{"start":{"line":33,"column":8},"end":{"line":36,"column":17}},"type":"cond-expr","locations":[{"start":{"line":33,"column":35},"end":{"line":36,"column":10}},{"start":{"line":36,"column":13},"end":{"line":36,"column":17}}],"line":33}},"s":{"0":1,"1":0,"2":0,"3":0,"4":0},"f":{"0":0,"1":0},"b":{"0":[0,0],"1":[0,0],"2":[0,0],"3":[0,0],"4":[0,0]},"_coverageSchema":"1a1c01bbd47fc00a2c39e90264f33305004495a9","hash":"3d139d8acb089aadca6efedcb7ec7380877014f1"}
,"/Users/briankuzma/Desktop/HR/FEC/Atelier/client/src/components/Reviews/ReviewsList.jsx": {"path":"/Users/briankuzma/Desktop/HR/FEC/Atelier/client/src/components/Reviews/ReviewsList.jsx","statementMap":{"0":{"start":{"line":6,"column":27},"end":{"line":33,"column":1}},"1":{"start":{"line":7,"column":16},"end":{"line":7,"column":29}},"2":{"start":{"line":8,"column":19},"end":{"line":8,"column":35}},"3":{"start":{"line":9,"column":23},"end":{"line":9,"column":43}},"4":{"start":{"line":10,"column":26},"end":{"line":10,"column":49}},"5":{"start":{"line":11,"column":22},"end":{"line":11,"column":41}},"6":{"start":{"line":12,"column":16},"end":{"line":12,"column":29}},"7":{"start":{"line":14,"column":2},"end":{"line":32,"column":3}},"8":{"start":{"line":18,"column":30},"end":{"line":18,"column":53}},"9":{"start":{"line":27,"column":10},"end":{"line":27,"column":79}},"10":{"start":{"line":29,"column":87},"end":{"line":29,"column":122}}},"fnMap":{"0":{"name":"(anonymous_0)","decl":{"start":{"line":6,"column":27},"end":{"line":6,"column":28}},"loc":{"start":{"line":6,"column":38},"end":{"line":33,"column":1}},"line":6},"1":{"name":"(anonymous_1)","decl":{"start":{"line":18,"column":24},"end":{"line":18,"column":25}},"loc":{"start":{"line":18,"column":29},"end":{"line":18,"column":54}},"line":18},"2":{"name":"(anonymous_2)","decl":{"start":{"line":26,"column":44},"end":{"line":26,"column":45}},"loc":{"start":{"line":26,"column":62},"end":{"line":28,"column":9}},"line":26},"3":{"name":"(anonymous_3)","decl":{"start":{"line":29,"column":81},"end":{"line":29,"column":82}},"loc":{"start":{"line":29,"column":87},"end":{"line":29,"column":122}},"line":29}},"branchMap":{"0":{"loc":{"start":{"line":29,"column":8},"end":{"line":29,"column":152}},"type":"cond-expr","locations":[{"start":{"line":29,"column":64},"end":{"line":29,"column":145}},{"start":{"line":29,"column":148},"end":{"line":29,"column":152}}],"line":29},"1":{"loc":{"start":{"line":29,"column":8},"end":{"line":29,"column":61}},"type":"binary-expr","locations":[{"start":{"line":29,"column":8},"end":{"line":29,"column":26}},{"start":{"line":29,"column":30},"end":{"line":29,"column":61}}],"line":29}},"s":{"0":1,"1":10,"2":10,"3":10,"4":10,"5":10,"6":10,"7":10,"8":0,"9":0,"10":0},"f":{"0":10,"1":0,"2":0,"3":0},"b":{"0":[0,10],"1":[10,0]},"_coverageSchema":"1a1c01bbd47fc00a2c39e90264f33305004495a9","hash":"2c11c425941295d80eb38a0b67f4effa09a68ba0"}
,"/Users/briankuzma/Desktop/HR/FEC/Atelier/client/src/components/shared/StarRating/StarRating.jsx": {"path":"/Users/briankuzma/Desktop/HR/FEC/Atelier/client/src/components/shared/StarRating/StarRating.jsx","statementMap":{"0":{"start":{"line":3,"column":26},"end":{"line":55,"column":1}},"1":{"start":{"line":6,"column":2},"end":{"line":6,"column":31}},"2":{"start":{"line":6,"column":20},"end":{"line":6,"column":30}},"3":{"start":{"line":8,"column":15},"end":{"line":8,"column":33}},"4":{"start":{"line":9,"column":17},"end":{"line":9,"column":32}},"5":{"start":{"line":11,"column":16},"end":{"line":11,"column":18}},"6":{"start":{"line":14,"column":2},"end":{"line":17,"column":3}},"7":{"start":{"line":15,"column":4},"end":{"line":15,"column":20}},"8":{"start":{"line":16,"column":4},"end":{"line":16,"column":16}},"9":{"start":{"line":20,"column":2},"end":{"line":20,"column":67}},"10":{"start":{"line":26,"column":2},"end":{"line":28,"column":3}},"11":{"start":{"line":27,"column":4},"end":{"line":27,"column":17}},"12":{"start":{"line":30,"column":2},"end":{"line":54,"column":3}},"13":{"start":{"line":33,"column":8},"end":{"line":51,"column":14}}},"fnMap":{"0":{"name":"(anonymous_0)","decl":{"start":{"line":3,"column":26},"end":{"line":3,"column":27}},"loc":{"start":{"line":3,"column":56},"end":{"line":55,"column":1}},"line":3},"1":{"name":"(anonymous_1)","decl":{"start":{"line":32,"column":17},"end":{"line":32,"column":18}},"loc":{"start":{"line":33,"column":8},"end":{"line":51,"column":14}},"line":33}},"branchMap":{"0":{"loc":{"start":{"line":3,"column":28},"end":{"line":3,"column":38}},"type":"default-arg","locations":[{"start":{"line":3,"column":37},"end":{"line":3,"column":38}}],"line":3},"1":{"loc":{"start":{"line":3,"column":40},"end":{"line":3,"column":50}},"type":"default-arg","locations":[{"start":{"line":3,"column":48},"end":{"line":3,"column":50}}],"line":3},"2":{"loc":{"start":{"line":6,"column":2},"end":{"line":6,"column":31}},"type":"if","locations":[{"start":{"line":6,"column":2},"end":{"line":6,"column":31}},{"start":{},"end":{}}],"line":6}},"s":{"0":1,"1":10,"2":0,"3":10,"4":10,"5":10,"6":10,"7":0,"8":0,"9":10,"10":10,"11":40,"12":10,"13":50},"f":{"0":10,"1":50},"b":{"0":[0],"1":[0],"2":[0,10]},"_coverageSchema":"1a1c01bbd47fc00a2c39e90264f33305004495a9","hash":"bc47712ea228a2afbc14b4dabc91666595c420c5"}
,"/Users/briankuzma/Desktop/HR/FEC/Atelier/dummyTestData/reviewsDummy.js": {"path":"/Users/briankuzma/Desktop/HR/FEC/Atelier/dummyTestData/reviewsDummy.js","statementMap":{"0":{"start":{"line":1,"column":0},"end":{"line":39,"column":1}},"1":{"start":{"line":42,"column":0},"end":{"line":66,"column":1}}},"fnMap":{},"branchMap":{},"s":{"0":1,"1":1},"f":{},"b":{},"_coverageSchema":"1a1c01bbd47fc00a2c39e90264f33305004495a9","hash":"33885b4d6a6bc1c030c25f152ec4166fb3340583"}
}
