TN:
SF:client/src/components/Reviews.jsx
FN:7,(anonymous_0)
FN:17,(anonymous_1)
FN:25,(anonymous_2)
FN:30,(anonymous_3)
FN:32,(anonymous_4)
FNF:5
FNH:3
FNDA:10,(anonymous_0)
FNDA:5,(anonymous_1)
FNDA:0,(anonymous_2)
FNDA:5,(anonymous_3)
FNDA:0,(anonymous_4)
DA:7,1
DA:10,10
DA:11,10
DA:12,10
DA:13,10
DA:15,10
DA:17,10
DA:18,5
DA:26,0
DA:30,10
DA:31,5
DA:32,5
DA:33,5
DA:36,10
LF:14
LH:13
BRDA:31,0,0,5
BRDA:31,0,1,5
BRF:2
BRH:2
end_of_record
TN:
SF:client/src/components/Reviews/BreakdownSlider.jsx
FN:3,(anonymous_0)
FN:32,(anonymous_1)
FNF:2
FNH:2
FNDA:30,(anonymous_0)
FNDA:150,(anonymous_1)
DA:3,1
DA:6,30
DA:8,30
DA:9,30
DA:11,30
DA:14,30
DA:15,120
DA:16,120
DA:20,30
DA:26,30
DA:27,0
DA:30,30
DA:33,150
LF:13
LH:12
BRDA:3,0,0,0
BRDA:3,1,0,30
BRDA:6,2,0,0
BRDA:6,2,1,30
BRF:4
BRH:2
end_of_record
TN:
SF:client/src/components/Reviews/ProductBreakdown.jsx
FN:5,(anonymous_0)
FNF:1
FNH:1
FNDA:10,(anonymous_0)
DA:5,1
DA:11,10
DA:12,10
DA:14,10
DA:31,0
LF:5
LH:4
BRDA:11,0,0,10
BRDA:11,0,1,0
BRDA:16,1,0,10
BRDA:16,1,1,0
BRDA:17,2,0,10
BRDA:17,2,1,0
BRDA:18,3,0,10
BRDA:18,3,1,0
BRDA:19,4,0,10
BRDA:19,4,1,0
BRDA:20,5,0,10
BRDA:20,5,1,0
BRDA:21,6,0,10
BRDA:21,6,1,0
BRDA:22,7,0,0
BRDA:22,7,1,10
BRDA:23,8,0,0
BRDA:23,8,1,10
BRDA:24,9,0,0
BRDA:24,9,1,10
BRDA:25,10,0,0
BRDA:25,10,1,10
BRDA:26,11,0,0
BRDA:26,11,1,10
BRDA:27,12,0,0
BRDA:27,12,1,10
BRF:26
BRH:13
end_of_record
TN:
SF:client/src/components/Reviews/RatingsBreakdown.jsx
FN:4,(anonymous_0)
FN:17,(anonymous_1)
FN:28,(anonymous_2)
FNF:3
FNH:2
FNDA:10,(anonymous_0)
FNDA:5,(anonymous_1)
FNDA:0,(anonymous_2)
DA:4,1
DA:6,10
DA:13,10
DA:15,10
DA:17,10
DA:18,5
DA:25,5
DA:26,5
DA:28,5
DA:29,0
DA:30,0
DA:31,0
DA:33,0
DA:35,5
DA:36,5
DA:37,5
DA:40,10
LF:17
LH:13
BRDA:30,0,0,0
BRDA:30,0,1,0
BRF:2
BRH:0
end_of_record
TN:
SF:client/src/components/Reviews/RatingsColumn.jsx
FN:7,(anonymous_0)
FNF:1
FNH:1
FNDA:10,(anonymous_0)
DA:7,1
DA:9,10
DA:10,10
DA:11,10
DA:13,10
LF:5
LH:5
BRF:0
BRH:0
end_of_record
TN:
SF:client/src/components/Reviews/ReviewTile.jsx
FN:6,(anonymous_0)
FN:33,(anonymous_1)
FNF:2
FNH:0
FNDA:0,(anonymous_0)
FNDA:0,(anonymous_1)
DA:6,1
DA:7,0
DA:9,0
DA:15,0
DA:35,0
LF:5
LH:1
BRDA:29,0,0,0
BRDA:29,0,1,0
BRDA:30,1,0,0
BRDA:30,1,1,0
BRDA:31,2,0,0
BRDA:31,2,1,0
BRDA:32,3,0,0
BRDA:32,3,1,0
BRDA:33,4,0,0
BRDA:33,4,1,0
BRF:10
BRH:0
end_of_record
TN:
SF:client/src/components/Reviews/ReviewsList.jsx
FN:6,(anonymous_0)
FN:18,(anonymous_1)
FN:26,(anonymous_2)
FN:29,(anonymous_3)
FNF:4
FNH:1
FNDA:10,(anonymous_0)
FNDA:0,(anonymous_1)
FNDA:0,(anonymous_2)
FNDA:0,(anonymous_3)
DA:6,1
DA:7,10
DA:8,10
DA:9,10
DA:10,10
DA:11,10
DA:12,10
DA:14,10
DA:18,0
DA:27,0
DA:29,0
LF:11
LH:8
BRDA:29,0,0,0
BRDA:29,0,1,10
BRDA:29,1,0,10
BRDA:29,1,1,0
BRF:4
BRH:2
end_of_record
TN:
SF:client/src/components/shared/StarRating/StarRating.jsx
FN:3,(anonymous_0)
FN:32,(anonymous_1)
FNF:2
FNH:2
FNDA:10,(anonymous_0)
FNDA:50,(anonymous_1)
DA:3,1
DA:6,10
DA:8,10
DA:9,10
DA:11,10
DA:14,10
DA:15,0
DA:16,0
DA:20,10
DA:26,10
DA:27,40
DA:30,10
DA:33,50
LF:13
LH:11
BRDA:3,0,0,0
BRDA:3,1,0,0
BRDA:6,2,0,0
BRDA:6,2,1,10
BRF:4
BRH:1
end_of_record
TN:
SF:dummyTestData/reviewsDummy.js
FNF:0
FNH:0
DA:1,1
DA:42,1
LF:2
LH:2
BRF:0
BRH:0
end_of_record
