TN:
SF:client/src/components/Related.jsx
FN:6,(anonymous_0)
FN:11,(anonymous_1)
FNF:2
FNH:1
FNDA:5,(anonymous_0)
FNDA:0,(anonymous_1)
DA:6,1
DA:8,5
DA:11,0
LF:3
LH:2
BRF:0
BRH:0
end_of_record
TN:
SF:client/src/components/Related/ComparisonModal.jsx
FN:4,(anonymous_0)
FN:13,(anonymous_1)
FN:20,(anonymous_2)
FNF:3
FNH:0
FNDA:0,(anonymous_0)
FNDA:0,(anonymous_1)
FNDA:0,(anonymous_2)
DA:4,1
DA:6,0
DA:7,0
DA:8,0
DA:9,0
DA:10,0
DA:13,0
DA:14,0
DA:21,0
DA:22,0
DA:23,0
DA:24,0
DA:25,0
DA:26,0
DA:31,0
LF:15
LH:1
BRF:0
BRH:0
end_of_record
TN:
SF:client/src/components/Related/OutfitCarousel.jsx
FN:5,(anonymous_0)
FN:14,(anonymous_1)
FN:18,(anonymous_2)
FN:19,(anonymous_3)
FN:27,(anonymous_4)
FNF:5
FNH:2
FNDA:6,(anonymous_0)
FNDA:0,(anonymous_1)
FNDA:0,(anonymous_2)
FNDA:6,(anonymous_3)
FNDA:0,(anonymous_4)
DA:5,1
DA:8,6
DA:11,6
DA:14,0
DA:18,0
DA:20,6
DA:27,0
LF:7
LH:4
BRF:0
BRH:0
end_of_record
TN:
SF:client/src/components/Related/RelatedCarousel.jsx
FN:6,(anonymous_0)
FN:15,(anonymous_1)
FN:19,(anonymous_2)
FN:21,(anonymous_3)
FN:27,(anonymous_4)
FNF:5
FNH:2
FNDA:5,(anonymous_0)
FNDA:0,(anonymous_1)
FNDA:1,(anonymous_2)
FNDA:0,(anonymous_3)
FNDA:0,(anonymous_4)
DA:6,1
DA:8,5
DA:12,5
DA:15,0
DA:20,1
DA:21,0
DA:27,0
LF:7
LH:4
BRF:0
BRH:0
end_of_record
TN:
SF:client/src/components/Related/RelatedProductCard.jsx
FN:6,(anonymous_0)
FN:12,(anonymous_1)
FN:16,(anonymous_2)
FN:19,(anonymous_3)
FN:26,(anonymous_4)
FNF:5
FNH:2
FNDA:1,(anonymous_0)
FNDA:1,(anonymous_1)
FNDA:0,(anonymous_2)
FNDA:0,(anonymous_3)
FNDA:0,(anonymous_4)
DA:6,1
DA:7,1
DA:9,1
DA:10,1
DA:12,1
DA:13,1
DA:16,0
DA:19,1
DA:20,0
DA:24,1
DA:26,0
DA:27,0
LF:12
LH:8
BRDA:37,0,0,1
BRDA:37,0,1,0
BRF:2
BRH:1
end_of_record
TN:
SF:client/src/components/Related/YourOutfit.jsx
FN:4,(anonymous_0)
FN:8,(anonymous_1)
FNF:2
FNH:1
FNDA:5,(anonymous_0)
FNDA:0,(anonymous_1)
DA:4,1
DA:6,5
DA:8,5
DA:9,0
DA:10,0
DA:11,0
DA:14,5
LF:7
LH:4
BRF:0
BRH:0
end_of_record
TN:
SF:client/src/components/Related/YourOutfitCard.jsx
FN:6,(anonymous_0)
FN:12,(anonymous_1)
FN:16,(anonymous_2)
FN:19,(anonymous_3)
FN:27,(anonymous_4)
FNF:5
FNH:2
FNDA:6,(anonymous_0)
FNDA:6,(anonymous_1)
FNDA:0,(anonymous_2)
FNDA:0,(anonymous_3)
FNDA:0,(anonymous_4)
DA:6,1
DA:7,6
DA:9,6
DA:10,6
DA:12,6
DA:13,6
DA:16,0
DA:19,6
DA:20,0
DA:26,6
DA:27,0
DA:28,0
LF:12
LH:8
BRF:0
BRH:0
end_of_record
TN:
SF:client/src/components/shared/StarRating/StarRating.jsx
FN:3,(anonymous_0)
FN:32,(anonymous_1)
FNF:2
FNH:2
FNDA:7,(anonymous_0)
FNDA:35,(anonymous_1)
DA:3,1
DA:6,7
DA:8,7
DA:9,7
DA:11,7
DA:14,7
DA:15,0
DA:16,0
DA:20,7
DA:26,7
DA:27,28
DA:30,7
DA:33,35
LF:13
LH:11
BRDA:3,0,0,7
BRDA:3,1,0,7
BRDA:6,2,0,0
BRDA:6,2,1,7
BRF:4
BRH:3
end_of_record
TN:
SF:dummyTestData/productDummy.js
FNF:0
FNH:0
DA:1,1
DA:22,1
DA:50,1
DA:69,1
DA:133,1
LF:5
LH:5
BRF:0
BRH:0
end_of_record
